<?xml version="1.0" encoding="UTF-8"?>
<!-- Generated by org.testng.reporters.JUnitReportReporter -->
<testsuite skipped="0" hostname="Sudha" name="com.salesforce.tests.LoginPageTest" tests="3" failures="0" timestamp="09 Feb 2020 07:36:01 GMT" time="45.429" errors="0">
  <testcase name="validateLoginErrorMessageTest" time="14.422" classname="com.salesforce.tests.LoginPageTest"/>
  <testcase name="LoginTest" time="16.075" classname="com.salesforce.tests.LoginPageTest"/>
  <testcase name="checkRememberMeTest" time="14.932" classname="com.salesforce.tests.LoginPageTest"/>
</testsuite> <!-- com.salesforce.tests.LoginPageTest -->
